<?xml version="1.0" encoding="UTF-8"?>
<!-- Generated by org.testng.reporters.JUnitReportReporter -->
<testsuite hostname="DESKTOP-JH339UV" failures="0" tests="1" name="tests.SampleTestCase" time="45.455" errors="0" timestamp="2021-05-29T12:26:01 IST" skipped="0">
  <testcase classname="tests.SampleTestCase" name="login" time="45.455"/>
  <system-out/>
</testsuite> <!-- tests.SampleTestCase -->
